[debug] [2019-02-21T01:11:38.931Z] ----------------------------------------------------------------------
[debug] [2019-02-21T01:11:38.937Z] Command:       C:\Program Files\nodejs\node.exe C:\Users\Filip\AppData\Roaming\npm\node_modules\firebase-tools\lib\bin\firebase.js deploy
[debug] [2019-02-21T01:11:38.937Z] CLI Version:   6.1.2
[debug] [2019-02-21T01:11:38.937Z] Platform:      win32
[debug] [2019-02-21T01:11:38.937Z] Node Version:  v8.11.3
[debug] [2019-02-21T01:11:38.938Z] Time:          Thu Feb 21 2019 01:11:38 GMT+0000 (Hora padrão de GMT)
[debug] [2019-02-21T01:11:38.938Z] ----------------------------------------------------------------------
[debug] 
[debug] [2019-02-21T01:11:38.952Z] > command requires scopes: ["email","openid","https://www.googleapis.com/auth/cloudplatformprojects.readonly","https://www.googleapis.com/auth/firebase","https://www.googleapis.com/auth/cloud-platform"]
[debug] [2019-02-21T01:11:38.953Z] > authorizing via signed-in user
[debug] [2019-02-21T01:11:38.953Z] [iam] checking project organic-shop-85eab for permissions ["firebase.projects.get","firebasehosting.sites.update"]
[debug] [2019-02-21T01:11:38.956Z] >>> HTTP REQUEST POST https://cloudresourcemanager.googleapis.com/v1/projects/organic-shop-85eab:testIamPermissions  

[debug] [2019-02-21T01:11:39.885Z] <<< HTTP RESPONSE 200
[debug] [2019-02-21T01:11:39.886Z] >>> HTTP REQUEST GET https://firebase.googleapis.com/v1beta1/projects/organic-shop-85eab  
 
[debug] [2019-02-21T01:11:40.147Z] <<< HTTP RESPONSE 200
[info] 
[info] === Deploying to 'organic-shop-85eab'...
[info] 
[info] i  deploying hosting
[debug] [2019-02-21T01:11:40.154Z] >>> HTTP REQUEST POST https://firebasehosting.googleapis.com/v1beta1/sites/organic-shop-85eab/versions  

[debug] [2019-02-21T01:11:41.557Z] <<< HTTP RESPONSE 200
[info] i  hosting[organic-shop-85eab]: beginning deploy...
[info] i  hosting[organic-shop-85eab]: found 7 files in dist/organic-shop
[debug] [2019-02-21T01:11:41.566Z] [hosting] hash cache [ZGlzdFxvcmdhbmljLXNob3A] load error: lines is not defined
[debug] [2019-02-21T01:11:41.660Z] [hosting] hash cache [ZGlzdFxvcmdhbmljLXNob3A] stored for 7 files
[debug] [2019-02-21T01:11:41.660Z] [hosting][hash queue][FINAL]
[debug] [2019-02-21T01:11:41.660Z] >>> HTTP REQUEST POST https://firebasehosting.googleapis.com/v1beta1/sites/organic-shop-85eab/versions/f1ef15982c271471:populateFiles  
 <request body omitted>
